09:07:49 **** Build of configuration release for project aloha ****
make MODE=release all 
Creating executable: out/clang-release//aloha.exe
09:09:53 **** Incremental Build of configuration release for project aloha ****
make MODE=release all 
make: Nothing to be done for 'all'.
09:15:40 **** Incremental Build of configuration release for project aloha ****
make MODE=release all 
make: Nothing to be done for 'all'.
10:19:07 **** Incremental Build of configuration release for project aloha ****
make MODE=release all 
make: Nothing to be done for 'all'.
10:25:34 **** Incremental Build of configuration release for project aloha ****
make MODE=release all 
make: Nothing to be done for 'all'.
10:40:56 **** Incremental Build of configuration release for project aloha ****
make MODE=release all 
make: Nothing to be done for 'all'.
11:01:58 **** Incremental Build of configuration release for project aloha ****
make MODE=release all 
make: Nothing to be done for 'all'.
18:51:12 **** Incremental Build of configuration release for project aloha ****
make MODE=release all 
make: Nothing to be done for 'all'.
19:23:15 **** Incremental Build of configuration release for project aloha ****
make MODE=release all 
make: Nothing to be done for 'all'.
19:28:02 **** Incremental Build of configuration release for project aloha ****
make MODE=release all 
make: Nothing to be done for 'all'.
11:05:15 **** Incremental Build of configuration release for project aloha ****
make MODE=release all 
make: Nothing to be done for 'all'.
21:25:35 **** Incremental Build of configuration release for project aloha ****
make MODE=release all 
make: Nothing to be done for 'all'.
11:00:02 **** Incremental Build of configuration release for project aloha ****
make MODE=release all 
make: Nothing to be done for 'all'.
11:02:26 **** Incremental Build of configuration release for project aloha ****
make MODE=release all 
make: Nothing to be done for 'all'.
11:19:58 **** Incremental Build of configuration release for project aloha ****
make MODE=release all 
make: Nothing to be done for 'all'.
18:55:24 **** Incremental Build of configuration release for project aloha ****
make MODE=release all 
make: Nothing to be done for 'all'.
20:36:19 **** Build of configuration release for project aloha ****
make MODE=release all 
make: Nothing to be done for 'all'.
20:58:53 **** Incremental Build of configuration release for project aloha ****
make MODE=release all 
make: Nothing to be done for 'all'.
23:59:02 **** Incremental Build of configuration release for project aloha ****
make MODE=release all 
make: Nothing to be done for 'all'.
23:59:27 **** Incremental Build of configuration release for project aloha ****
make MODE=release all 
make: Nothing to be done for 'all'.
00:00:31 **** Incremental Build of configuration release for project aloha ****
make MODE=release all 
make: Nothing to be done for 'all'.
00:01:00 **** Incremental Build of configuration release for project aloha ****
make MODE=release all 
make: Nothing to be done for 'all'.
00:02:24 **** Incremental Build of configuration release for project aloha ****
make MODE=release all 
make: Nothing to be done for 'all'.
00:03:32 **** Incremental Build of configuration release for project aloha ****
make MODE=release all 
make: Nothing to be done for 'all'.
00:16:29 **** Incremental Build of configuration release for project aloha ****
make MODE=release all 
make: Nothing to be done for 'all'.
01:30:03 **** Incremental Build of configuration release for project aloha ****
make MODE=release all 
make: Nothing to be done for 'all'.
20:45:01 **** Incremental Build of configuration release for project aloha ****
make MODE=release all 
make: Nothing to be done for 'all'.
18:25:14 **** Incremental Build of configuration release for project aloha ****
make MODE=release all 
make: Nothing to be done for 'all'.
20:11:54 **** Incremental Build of configuration release for project aloha ****
make MODE=release all 
make: Nothing to be done for 'all'.
